{
  "stats": {
    "suites": 1,
    "tests": 1,
    "passes": 1,
    "pending": 0,
    "failures": 0,
    "start": "2026-07-05T05:43:57.019Z",
    "end": "2026-07-05T05:44:06.515Z",
    "duration": 9496,
    "testsRegistered": 1,
    "passPercent": 100,
    "pendingPercent": 0,
    "other": 0,
    "hasOther": false,
    "skipped": 0,
    "hasSkipped": false
  },
  "results": [
    {
      "uuid": "dede8db7-343a-46da-b1cd-6b08f592082d",
      "title": "",
      "fullFile": "cypress\\e2e\\Tc02_Login.cy.js",
      "file": "cypress\\e2e\\Tc02_Login.cy.js",
      "beforeHooks": [],
      "afterHooks": [],
      "tests": [],
      "suites": [
        {
          "uuid": "cd68312b-18bd-4650-a484-1a6bb0faf1f3",
          "title": "Login Functionality",
          "fullFile": "",
          "file": "",
          "beforeHooks": [],
          "afterHooks": [],
          "tests": [
            {
              "title": "Successfull Login",
              "fullTitle": "Login Functionality Successfull Login",
              "timedOut": null,
              "duration": 4040,
              "state": "passed",
              "speed": "fast",
              "pass": true,
              "fail": false,
              "pending": false,
              "context": null,
              "code": "cy.visit('https://demo.realworld.show/');\ncy.get('.container > .nav > :nth-child(2) > .nav-link').click();\ncy.get('[name=\"email\"]').type(testData.email);\ncy.get('[name=\"password\"]').type(testData.pwd);\ncy.get('.btn').click();",
              "err": {},
              "uuid": "342079ae-2048-4392-b3c8-91b915a608f7",
              "parentUUID": "cd68312b-18bd-4650-a484-1a6bb0faf1f3",
              "isHook": false,
              "skipped": false
            }
          ],
          "suites": [],
          "passes": [
            "342079ae-2048-4392-b3c8-91b915a608f7"
          ],
          "failures": [],
          "pending": [],
          "skipped": [],
          "duration": 4040,
          "root": false,
          "rootEmpty": false,
          "_timeout": 2000
        }
      ],
      "passes": [],
      "failures": [],
      "pending": [],
      "skipped": [],
      "duration": 0,
      "root": true,
      "rootEmpty": true,
      "_timeout": 2000
    }
  ],
  "meta": {
    "mocha": {
      "version": "7.2.0"
    },
    "mochawesome": {
      "options": {
        "quiet": false,
        "reportFilename": "mochawesome",
        "saveHtml": true,
        "saveJson": true,
        "consoleReporter": "spec",
        "useInlineDiffs": false,
        "code": true
      },
      "version": "7.1.4"
    },
    "marge": {
      "options": {
        "reportDir": "reports",
        "overwrite": false,
        "html": true,
        "json": true
      },
      "version": "6.3.2"
    }
  }
}