{
  "stats": {
    "suites": 1,
    "tests": 2,
    "passes": 1,
    "pending": 0,
    "failures": 1,
    "start": "2026-07-05T06:02:19.519Z",
    "end": "2026-07-05T06:02:27.952Z",
    "duration": 8433,
    "testsRegistered": 2,
    "passPercent": 50,
    "pendingPercent": 0,
    "other": 0,
    "hasOther": false,
    "skipped": 0,
    "hasSkipped": false
  },
  "results": [
    {
      "uuid": "3fa7c3d8-cba6-4001-9198-79d6533bdde3",
      "title": "",
      "fullFile": "cypress\\e2e\\Tc02_Login.cy.js",
      "file": "cypress\\e2e\\Tc02_Login.cy.js",
      "beforeHooks": [],
      "afterHooks": [],
      "tests": [],
      "suites": [
        {
          "uuid": "13e4764b-42f9-4f23-91e7-0c90f0e731dd",
          "title": "Login Functionality",
          "fullFile": "",
          "file": "",
          "beforeHooks": [],
          "afterHooks": [],
          "tests": [
            {
              "title": "Successfull Login",
              "fullTitle": "Login Functionality Successfull Login",
              "timedOut": null,
              "duration": 3832,
              "state": "passed",
              "speed": "fast",
              "pass": true,
              "fail": false,
              "pending": false,
              "context": null,
              "code": "cy.visit('https://demo.realworld.show/');\ncy.get('.container > .nav > :nth-child(2) > .nav-link').click();\ncy.get('[name=\"email\"]').type(testData.email);\ncy.get('[name=\"password\"]').type(testData.pwd);\ncy.get('.btn').click();",
              "err": {},
              "uuid": "e877706a-6a88-4f12-b57e-b04cd66db1c9",
              "parentUUID": "13e4764b-42f9-4f23-91e7-0c90f0e731dd",
              "isHook": false,
              "skipped": false
            },
            {
              "title": "Unsuccessfull Login",
              "fullTitle": "Login Functionality Unsuccessfull Login",
              "timedOut": null,
              "duration": 1505,
              "state": "failed",
              "speed": null,
              "pass": false,
              "fail": true,
              "pending": false,
              "context": null,
              "code": "cy.visit('https://demo.realworld.show/');\ncy.get('.container > .nav > :nth-child(2) > .nav-link').click();\ncy.get('[name=\"email\"]').type(testData.wrongEmail);\ncy.get('[name=\"password\"]').type(testData.Wrongpwd);\ncy.get('.btn').click();",
              "err": {
                "message": "CypressError: `cy.type()` can only accept a string or number. You passed in: `undefined`\n\nhttps://on.cypress.io/type",
                "estack": "CypressError: `cy.type()` can only accept a string or number. You passed in: `undefined`\n\nhttps://on.cypress.io/type\n    at Context.type (https://demo.realworld.show/__cypress/runner/cypress_runner.js:115150:68)\n    at wrapped (https://demo.realworld.show/__cypress/runner/cypress_runner.js:148844:19)\nFrom Your Spec Code:\n    at Context.eval (webpack://cypress/./cypress/e2e/Tc02_Login.cy.js:27:36)",
                "diff": null
              },
              "uuid": "1af3d3d5-54fc-4b7b-ac46-20d1fa42c7d2",
              "parentUUID": "13e4764b-42f9-4f23-91e7-0c90f0e731dd",
              "isHook": false,
              "skipped": false
            }
          ],
          "suites": [],
          "passes": [
            "e877706a-6a88-4f12-b57e-b04cd66db1c9"
          ],
          "failures": [
            "1af3d3d5-54fc-4b7b-ac46-20d1fa42c7d2"
          ],
          "pending": [],
          "skipped": [],
          "duration": 5337,
          "root": false,
          "rootEmpty": false,
          "_timeout": 2000
        }
      ],
      "passes": [],
      "failures": [],
      "pending": [],
      "skipped": [],
      "duration": 0,
      "root": true,
      "rootEmpty": true,
      "_timeout": 2000
    }
  ],
  "meta": {
    "mocha": {
      "version": "7.2.0"
    },
    "mochawesome": {
      "options": {
        "quiet": false,
        "reportFilename": "mochawesome",
        "saveHtml": true,
        "saveJson": true,
        "consoleReporter": "spec",
        "useInlineDiffs": false,
        "code": true
      },
      "version": "7.1.4"
    },
    "marge": {
      "options": {
        "reportDir": "reports",
        "overwrite": false,
        "html": true,
        "json": true
      },
      "version": "6.3.2"
    }
  }
}