{
  "stats": {
    "suites": 1,
    "tests": 2,
    "passes": 2,
    "pending": 0,
    "failures": 0,
    "start": "2026-07-07T00:00:05.016Z",
    "end": "2026-07-07T00:00:08.875Z",
    "duration": 3859,
    "testsRegistered": 2,
    "passPercent": 100,
    "pendingPercent": 0,
    "other": 0,
    "hasOther": false,
    "skipped": 0,
    "hasSkipped": false
  },
  "results": [
    {
      "uuid": "c15d36c3-752f-4946-9962-c8faeb8c1a40",
      "title": "",
      "fullFile": "cypress\\e2e\\Tc03_RadioButtons.cy.js",
      "file": "cypress\\e2e\\Tc03_RadioButtons.cy.js",
      "beforeHooks": [],
      "afterHooks": [],
      "tests": [],
      "suites": [
        {
          "uuid": "225ebd91-bb3d-4b48-b095-f408660b7d57",
          "title": "Login Functionality",
          "fullFile": "",
          "file": "",
          "beforeHooks": [],
          "afterHooks": [],
          "tests": [
            {
              "title": "Touching the very normal radio button",
              "fullTitle": "Login Functionality Touching the very normal radio button",
              "timedOut": null,
              "duration": 1425,
              "state": "passed",
              "speed": "fast",
              "pass": true,
              "fail": false,
              "pending": false,
              "context": null,
              "code": "cy.visit('https://demos.jquerymobile.com/1.4.5/checkboxradio-radio/');\ncy.get(':nth-child(6) > form > :nth-child(1) > .ui-btn').should('not.be.checked').click();\ncy.get(':nth-child(6) > form > :nth-child(2) > .ui-btn').should('not.be.checked').click();",
              "err": {},
              "uuid": "c8501fb4-20ad-4e66-9412-1ab2f1ea06f8",
              "parentUUID": "225ebd91-bb3d-4b48-b095-f408660b7d57",
              "isHook": false,
              "skipped": false
            },
            {
              "title": "Touching the not so normal radio button",
              "fullTitle": "Login Functionality Touching the not so normal radio button",
              "timedOut": null,
              "duration": 504,
              "state": "passed",
              "speed": "fast",
              "pass": true,
              "fail": false,
              "pending": false,
              "context": null,
              "code": "cy.visit('https://demos.jquerymobile.com/1.4.5/checkboxradio-radio/');\ncy.get(':nth-child(16) > form > .ui-controlgroup > .ui-controlgroup-controls > :nth-child(1) > .ui-btn').should('not.be.checked').click();\ncy.get(':nth-child(16) > form > .ui-controlgroup > .ui-controlgroup-controls > :nth-child(2) > .ui-btn').should('not.be.checked').click();\ncy.get(':nth-child(16) > form > .ui-controlgroup > .ui-controlgroup-controls > :nth-child(3) > .ui-btn').should('not.be.checked').click();",
              "err": {},
              "uuid": "dd232d02-82e2-4f9d-a12b-8fed341e19db",
              "parentUUID": "225ebd91-bb3d-4b48-b095-f408660b7d57",
              "isHook": false,
              "skipped": false
            }
          ],
          "suites": [],
          "passes": [
            "c8501fb4-20ad-4e66-9412-1ab2f1ea06f8",
            "dd232d02-82e2-4f9d-a12b-8fed341e19db"
          ],
          "failures": [],
          "pending": [],
          "skipped": [],
          "duration": 1929,
          "root": false,
          "rootEmpty": false,
          "_timeout": 2000
        }
      ],
      "passes": [],
      "failures": [],
      "pending": [],
      "skipped": [],
      "duration": 0,
      "root": true,
      "rootEmpty": true,
      "_timeout": 2000
    }
  ],
  "meta": {
    "mocha": {
      "version": "7.2.0"
    },
    "mochawesome": {
      "options": {
        "quiet": false,
        "reportFilename": "mochawesome",
        "saveHtml": false,
        "saveJson": true,
        "consoleReporter": "spec",
        "useInlineDiffs": false,
        "code": true
      },
      "version": "7.1.4"
    },
    "marge": {
      "options": {
        "reportDir": "reports",
        "overwrite": false,
        "html": false,
        "json": true
      },
      "version": "6.3.2"
    }
  }
}