{
  "stats": {
    "suites": 1,
    "tests": 2,
    "passes": 2,
    "pending": 0,
    "failures": 0,
    "start": "2026-07-05T07:06:50.908Z",
    "end": "2026-07-05T07:06:56.548Z",
    "duration": 5640,
    "testsRegistered": 2,
    "passPercent": 100,
    "pendingPercent": 0,
    "other": 0,
    "hasOther": false,
    "skipped": 0,
    "hasSkipped": false
  },
  "results": [
    {
      "uuid": "470aeffa-5bab-4781-8f7a-47bbf3128865",
      "title": "",
      "fullFile": "cypress\\e2e\\Tc02_Login.cy.js",
      "file": "cypress\\e2e\\Tc02_Login.cy.js",
      "beforeHooks": [],
      "afterHooks": [],
      "tests": [],
      "suites": [
        {
          "uuid": "418b5d53-71ed-42f9-bbea-3279d05a5f56",
          "title": "Login Functionality",
          "fullFile": "",
          "file": "",
          "beforeHooks": [],
          "afterHooks": [],
          "tests": [
            {
              "title": "Unsuccessfull Login",
              "fullTitle": "Login Functionality Unsuccessfull Login",
              "timedOut": null,
              "duration": 2843,
              "state": "passed",
              "speed": "fast",
              "pass": true,
              "fail": false,
              "pending": false,
              "context": null,
              "code": "cy.visit('https://demo.realworld.show/');\ncy.get('.container > .nav > :nth-child(2) > .nav-link').click();\ncy.get('[name=\"email\"]').type(testData.wrongEmail);\ncy.get('[name=\"password\"]').type(testData.wrongPwd);\ncy.get('.btn').click();\ncy.get('.error-messages > li');",
              "err": {},
              "uuid": "3a69ee7a-b0d8-48fa-8edc-802abd7332c9",
              "parentUUID": "418b5d53-71ed-42f9-bbea-3279d05a5f56",
              "isHook": false,
              "skipped": false
            },
            {
              "title": "Successfull Login",
              "fullTitle": "Login Functionality Successfull Login",
              "timedOut": null,
              "duration": 1113,
              "state": "passed",
              "speed": "fast",
              "pass": true,
              "fail": false,
              "pending": false,
              "context": null,
              "code": "cy.visit('https://demo.realworld.show/');\ncy.get('.container > .nav > :nth-child(2) > .nav-link').click();\ncy.get('[name=\"email\"]').type(testData.email);\ncy.get('[name=\"password\"]').type(testData.pwd);\ncy.get('.btn').click();",
              "err": {},
              "uuid": "6f0f3c8f-0763-4a4b-a018-29b8ab414ef1",
              "parentUUID": "418b5d53-71ed-42f9-bbea-3279d05a5f56",
              "isHook": false,
              "skipped": false
            }
          ],
          "suites": [],
          "passes": [
            "3a69ee7a-b0d8-48fa-8edc-802abd7332c9",
            "6f0f3c8f-0763-4a4b-a018-29b8ab414ef1"
          ],
          "failures": [],
          "pending": [],
          "skipped": [],
          "duration": 3956,
          "root": false,
          "rootEmpty": false,
          "_timeout": 2000
        }
      ],
      "passes": [],
      "failures": [],
      "pending": [],
      "skipped": [],
      "duration": 0,
      "root": true,
      "rootEmpty": true,
      "_timeout": 2000
    }
  ],
  "meta": {
    "mocha": {
      "version": "7.2.0"
    },
    "mochawesome": {
      "options": {
        "quiet": false,
        "reportFilename": "mochawesome",
        "saveHtml": false,
        "saveJson": true,
        "consoleReporter": "spec",
        "useInlineDiffs": false,
        "code": true
      },
      "version": "7.1.4"
    },
    "marge": {
      "options": {
        "reportDir": "reports",
        "overwrite": false,
        "html": false,
        "json": true
      },
      "version": "6.3.2"
    }
  }
}