{
  "stats": {
    "suites": 1,
    "tests": 1,
    "passes": 1,
    "pending": 0,
    "failures": 0,
    "start": "2026-07-05T06:02:07.943Z",
    "end": "2026-07-05T06:02:16.429Z",
    "duration": 8486,
    "testsRegistered": 1,
    "passPercent": 100,
    "pendingPercent": 0,
    "other": 0,
    "hasOther": false,
    "skipped": 0,
    "hasSkipped": false
  },
  "results": [
    {
      "uuid": "6dbc1573-3e78-413d-891d-66e9fe9a1b97",
      "title": "",
      "fullFile": "cypress\\e2e\\Tc01_CreateUser.cy.js",
      "file": "cypress\\e2e\\Tc01_CreateUser.cy.js",
      "beforeHooks": [],
      "afterHooks": [],
      "tests": [],
      "suites": [
        {
          "uuid": "38e0d250-8010-493e-b729-b11ede6c2641",
          "title": "Registry Functionality",
          "fullFile": "",
          "file": "",
          "beforeHooks": [],
          "afterHooks": [],
          "tests": [
            {
              "title": "Successfull Register",
              "fullTitle": "Registry Functionality Successfull Register",
              "timedOut": null,
              "duration": 4808,
              "state": "passed",
              "speed": "fast",
              "pass": true,
              "fail": false,
              "pending": false,
              "context": null,
              "code": "cy.visit('https://demo.realworld.show/');\ncy.get(':nth-child(3) > .nav-link').click();\ncy.get('[name=\"username\"]').type(testData.userName);\ncy.get('[name=\"email\"]').type(testData.email);\ncy.get('[name=\"password\"]').type(testData.pwd);\ncy.get('.btn').click();",
              "err": {},
              "uuid": "3dbe8e6f-559e-403d-931c-e3272451a99d",
              "parentUUID": "38e0d250-8010-493e-b729-b11ede6c2641",
              "isHook": false,
              "skipped": false
            }
          ],
          "suites": [],
          "passes": [
            "3dbe8e6f-559e-403d-931c-e3272451a99d"
          ],
          "failures": [],
          "pending": [],
          "skipped": [],
          "duration": 4808,
          "root": false,
          "rootEmpty": false,
          "_timeout": 2000
        }
      ],
      "passes": [],
      "failures": [],
      "pending": [],
      "skipped": [],
      "duration": 0,
      "root": true,
      "rootEmpty": true,
      "_timeout": 2000
    }
  ],
  "meta": {
    "mocha": {
      "version": "7.2.0"
    },
    "mochawesome": {
      "options": {
        "quiet": false,
        "reportFilename": "mochawesome",
        "saveHtml": true,
        "saveJson": true,
        "consoleReporter": "spec",
        "useInlineDiffs": false,
        "code": true
      },
      "version": "7.1.4"
    },
    "marge": {
      "options": {
        "reportDir": "reports",
        "overwrite": false,
        "html": true,
        "json": true
      },
      "version": "6.3.2"
    }
  }
}